C:\Users\arjunsinh\Desktop\SportsApplication n\SportsApplication\ClientApp\dist\out-tsc\src\app\page-not-found.component.js
C:\Users\arjunsinh\Desktop\SportsApplication n\SportsApplication\ClientApp\dist\out-tsc\src\app\page-not-found.component.js.map
C:\Users\arjunsinh\Desktop\SportsApplication n\SportsApplication\ClientApp\dist\out-tsc\src\app\shared\user.service.js
C:\Users\arjunsinh\Desktop\SportsApplication n\SportsApplication\ClientApp\dist\out-tsc\src\app\shared\user.service.js.map
C:\Users\arjunsinh\Desktop\SportsApplication n\SportsApplication\ClientApp\dist\out-tsc\src\app\auth\auth.guard.js
C:\Users\arjunsinh\Desktop\SportsApplication n\SportsApplication\ClientApp\dist\out-tsc\src\app\auth\auth.guard.js.map
C:\Users\arjunsinh\Desktop\SportsApplication n\SportsApplication\ClientApp\dist\out-tsc\src\app\athelete\athelete.component.js
C:\Users\arjunsinh\Desktop\SportsApplication n\SportsApplication\ClientApp\dist\out-tsc\src\app\athelete\athelete.component.js.map
C:\Users\arjunsinh\Desktop\SportsApplication n\SportsApplication\ClientApp\dist\out-tsc\src\app\app-routing.module.js
C:\Users\arjunsinh\Desktop\SportsApplication n\SportsApplication\ClientApp\dist\out-tsc\src\app\app-routing.module.js.map
C:\Users\arjunsinh\Desktop\SportsApplication n\SportsApplication\ClientApp\dist\out-tsc\src\app\app.component.js
C:\Users\arjunsinh\Desktop\SportsApplication n\SportsApplication\ClientApp\dist\out-tsc\src\app\app.component.js.map
C:\Users\arjunsinh\Desktop\SportsApplication n\SportsApplication\ClientApp\dist\out-tsc\src\app\auth\auth.interceptor.js
C:\Users\arjunsinh\Desktop\SportsApplication n\SportsApplication\ClientApp\dist\out-tsc\src\app\auth\auth.interceptor.js.map
C:\Users\arjunsinh\Desktop\SportsApplication n\SportsApplication\ClientApp\dist\out-tsc\src\app\coach\coach.component.js
C:\Users\arjunsinh\Desktop\SportsApplication n\SportsApplication\ClientApp\dist\out-tsc\src\app\coach\coach.component.js.map
C:\Users\arjunsinh\Desktop\SportsApplication n\SportsApplication\ClientApp\dist\out-tsc\src\app\coach\edit-test\edit-test.component.js
C:\Users\arjunsinh\Desktop\SportsApplication n\SportsApplication\ClientApp\dist\out-tsc\src\app\coach\edit-test\edit-test.component.js.map
C:\Users\arjunsinh\Desktop\SportsApplication n\SportsApplication\ClientApp\dist\out-tsc\src\app\coach\edit-test\edit-result\edit-result.component.js
C:\Users\arjunsinh\Desktop\SportsApplication n\SportsApplication\ClientApp\dist\out-tsc\src\app\coach\edit-test\edit-result\edit-result.component.js.map
C:\Users\arjunsinh\Desktop\SportsApplication n\SportsApplication\ClientApp\dist\out-tsc\src\app\coach\create-test\create-test.component.js
C:\Users\arjunsinh\Desktop\SportsApplication n\SportsApplication\ClientApp\dist\out-tsc\src\app\coach\create-test\create-test.component.js.map
C:\Users\arjunsinh\Desktop\SportsApplication n\SportsApplication\ClientApp\dist\out-tsc\src\app\coach\athelete-list\athelete-list.component.js
C:\Users\arjunsinh\Desktop\SportsApplication n\SportsApplication\ClientApp\dist\out-tsc\src\app\coach\athelete-list\athelete-list.component.js.map
C:\Users\arjunsinh\Desktop\SportsApplication n\SportsApplication\ClientApp\dist\out-tsc\src\app\coach\athelete-list\add-new-athelete\add-new-athelete.component.js
C:\Users\arjunsinh\Desktop\SportsApplication n\SportsApplication\ClientApp\dist\out-tsc\src\app\coach\athelete-list\add-new-athelete\add-new-athelete.component.js.map
C:\Users\arjunsinh\Desktop\SportsApplication n\SportsApplication\ClientApp\dist\out-tsc\src\app\coach\edit-test\add-new-athelete-to-test\add-new-athelete-to-test.component.js
C:\Users\arjunsinh\Desktop\SportsApplication n\SportsApplication\ClientApp\dist\out-tsc\src\app\coach\edit-test\add-new-athelete-to-test\add-new-athelete-to-test.component.js.map
C:\Users\arjunsinh\Desktop\SportsApplication n\SportsApplication\ClientApp\dist\out-tsc\src\app\coach\coach.module.js
C:\Users\arjunsinh\Desktop\SportsApplication n\SportsApplication\ClientApp\dist\out-tsc\src\app\coach\coach.module.js.map
C:\Users\arjunsinh\Desktop\SportsApplication n\SportsApplication\ClientApp\dist\out-tsc\src\app\account\account.component.js
C:\Users\arjunsinh\Desktop\SportsApplication n\SportsApplication\ClientApp\dist\out-tsc\src\app\account\account.component.js.map
C:\Users\arjunsinh\Desktop\SportsApplication n\SportsApplication\ClientApp\dist\out-tsc\src\app\account\register\register.component.js
C:\Users\arjunsinh\Desktop\SportsApplication n\SportsApplication\ClientApp\dist\out-tsc\src\app\account\register\register.component.js.map
C:\Users\arjunsinh\Desktop\SportsApplication n\SportsApplication\ClientApp\dist\out-tsc\src\app\account\login\login.component.js
C:\Users\arjunsinh\Desktop\SportsApplication n\SportsApplication\ClientApp\dist\out-tsc\src\app\account\login\login.component.js.map
C:\Users\arjunsinh\Desktop\SportsApplication n\SportsApplication\ClientApp\dist\out-tsc\src\app\account\account.module.js
C:\Users\arjunsinh\Desktop\SportsApplication n\SportsApplication\ClientApp\dist\out-tsc\src\app\account\account.module.js.map
C:\Users\arjunsinh\Desktop\SportsApplication n\SportsApplication\ClientApp\dist\out-tsc\src\app\app.module.js
C:\Users\arjunsinh\Desktop\SportsApplication n\SportsApplication\ClientApp\dist\out-tsc\src\app\app.module.js.map
C:\Users\arjunsinh\Desktop\SportsApplication n\SportsApplication\ClientApp\dist\out-tsc\src\environments\environment.js
C:\Users\arjunsinh\Desktop\SportsApplication n\SportsApplication\ClientApp\dist\out-tsc\src\environments\environment.js.map
C:\Users\arjunsinh\Desktop\SportsApplication n\SportsApplication\ClientApp\dist\out-tsc\src\main.js
C:\Users\arjunsinh\Desktop\SportsApplication n\SportsApplication\ClientApp\dist\out-tsc\src\main.js.map
C:\Users\arjunsinh\Desktop\SportsApplication n\SportsApplication\ClientApp\dist\out-tsc\src\polyfills.js
C:\Users\arjunsinh\Desktop\SportsApplication n\SportsApplication\ClientApp\dist\out-tsc\src\polyfills.js.map
C:\Users\arjunsinh\Desktop\SportsApplication n\SportsApplication\ClientApp\dist\out-tsc\src\test.js
C:\Users\arjunsinh\Desktop\SportsApplication n\SportsApplication\ClientApp\dist\out-tsc\src\test.js.map
C:\Users\arjunsinh\Desktop\SportsApplication n\SportsApplication\ClientApp\dist\out-tsc\e2e\src\app.po.js
C:\Users\arjunsinh\Desktop\SportsApplication n\SportsApplication\ClientApp\dist\out-tsc\e2e\src\app.po.js.map
C:\Users\arjunsinh\Desktop\SportsApplication n\SportsApplication\ClientApp\dist\out-tsc\e2e\src\app.e2e-spec.js
C:\Users\arjunsinh\Desktop\SportsApplication n\SportsApplication\ClientApp\dist\out-tsc\e2e\src\app.e2e-spec.js.map
C:\Users\arjunsinh\Desktop\SportsApplication n\SportsApplication\ClientApp\dist\out-tsc\src\environments\environment.prod.js
C:\Users\arjunsinh\Desktop\SportsApplication n\SportsApplication\ClientApp\dist\out-tsc\src\environments\environment.prod.js.map
